Diagnose log at 2025-03-20T22:32:25Z

AppPath: C:\Program Files\Git\mingw64\bin\git-credential-manager.exe
InstallDir: C:\Program Files\Git\mingw64\bin\
Version: 2.5.0+d34930736e131ad80e5690e5634ced1808aff3e2

------------
Diagnostic: Environment
Skipped: False
Success: True
Exception: None
Log:
OSType: Windows
OSVersion: 10.0 (build 22631)
Reading environment variables... OK
 Variables:
HOMEPATH=\Users\PRIYANKA
DriverData=C:\Windows\System32\Drivers\DriverData
COMPUTERNAME=DESKTOP-HOO3I4Q
GIT_TRACE2_PARENT_SID=36a2f2e6-d37f-4257-857b-4ea0820e9bfc
CommonProgramFiles(x86)=C:\Program Files (x86)\Common Files
OneDrive=C:\Users\PRIYANKA\OneDrive
ChocolateyLastPathUpdate=132875018544137902
SESSIONNAME=Console
WebStorm=C:\Program Files\JetBrains\WebStorm 2020.3.3\bin;
TMP=C:\Users\PRIYANKA\AppData\Local\Temp
PROCESSOR_REVISION=8c01
PATHEXT=.COM;.EXE;.BAT;.CMD;.VBS;.VBE;.JS;.JSE;.WSF;.WSH;.MSC;.PY;.PYW;.CPL
USERNAME=PRIYANKA
GIT_ASKPASS=c:\Users\PRIYANKA\AppData\Local\Programs\Microsoft VS Code\resources\app\extensions\git\dist\askpass.sh
EFC_10876=1
TEMP=C:\Users\PRIYANKA\AppData\Local\Temp
LOCALAPPDATA=C:\Users\PRIYANKA\AppData\Local
MSYSTEM=MINGW64
TERM=xterm-256color
PROCESSOR_IDENTIFIER=Intel64 Family 6 Model 140 Stepping 1, GenuineIntel
ProgramW6432=C:\Program Files
USERDOMAIN=DESKTOP-HOO3I4Q
Path=C:/Program Files/Git/mingw64/libexec/git-core;C:\Program Files\Git\mingw64\bin;C:\Program Files\Git\usr\bin;C:\Users\PRIYANKA\bin;C:\Python312\Scripts\;C:\Python312\;C:\Program Files\nodejs;C:\Program Files (x86)\Rockwell Software\RSCommon;C:\Windows\system32;C:\Windows;C:\Windows\System32\Wbem;C:\Windows\System32\WindowsPowerShell\v1.0\;C:\Windows\System32\OpenSSH\;C:\Program Files\NVIDIA Corporation\NVIDIA NvDLISR;C:\WINDOWS\system32;C:\WINDOWS;C:\WINDOWS\System32\Wbem;C:\WINDOWS\System32\WindowsPowerShell\v1.0\;C:\WINDOWS\System32\OpenSSH\;C:\laragon\bin\php\php-7.4.19-Win32-vc15-x64;C:\Users\PRIYANKA\AppData\Roaming\nvm;C:\Program Files\nodejs;C:\ProgramData\chocolatey\bin;C:\Program Files\Java\jdk-11.0.17\bin;C:\Program Files\dotnet\;C:\Program Files (x86)\Windows Kits\8.1\Windows Performance Toolkit\;C:\Program Files\Git\cmd;C:\Program Files\nodejs\;C:\Program Files\nodejs;C:\Program Files\nodejs\node_modules\npm;C:\Program Files\nodejs\node_modules\npm\bin;C:\Program Files\Java\jdk1.8.0_202\bin;C:\Program Files\Jenkins;C:\Program Files\MySQL\MySQL Workbench 8.0 CE;C:\Program Files\MySQL\MySQL Workbench 8.0;C:\Program Files\MySQL\MySQL Shell 8.0;C:\Program Files\MySQL\MySQL Server 8.0;C:\Program Files\MySQL\MySQL Router 8.0;C:\Program Files\MySQL\Connector Python 8.0;C:\Program Files\MySQL\Connector ODBC 8.0;C:\Program Files\MySQL\Connector C++ 8.0;C:\Program Files\Git\bin;C:\Program Files\Docker;C:\Program Files\dotnet;C:\Program Files\JetBrains;C:\Program Files\Common Files;C:\Program Files (x86)\Common Files\Oracle\Java;C:\Users\PRIYANKA\AppData\Local\Programs\Microsoft VS Code\bin;C:\Users\PRIYANKA\AppData\Roaming\npm
TERM_PROGRAM=vscode
PROCESSOR_LEVEL=6
NUMBER_OF_PROCESSORS=8
TMPDIR=C:\Users\PRIYANKA\AppData\Local\Temp
VSCODE_GIT_ASKPASS_EXTRA_ARGS=
TERM_PROGRAM_VERSION=1.98.1
VSCODE_GIT_ASKPASS_MAIN=c:\Users\PRIYANKA\AppData\Local\Programs\Microsoft VS Code\resources\app\extensions\git\dist\askpass-main.js
PYTHON=C:\Program Files\Git\mingw64\lib\python3.9;%PYTHON%;
ProgramFiles(x86)=C:\Program Files (x86)
PUBLIC=C:\Users\Public
VSCODE_GIT_IPC_HANDLE=\\.\pipe\vscode-git-4d4ddfc799-sock
FPS_BROWSER_USER_PROFILE_STRING=Default
CommonProgramFiles=C:\Program Files (x86)\Common Files
VSCODE_INJECTION=1
IGCCSVC_DB=AQAAANCMnd8BFdERjHoAwE/Cl+sBAAAAjYddql1snkuVybyt3CJxfAQAAAACAAAAAAAQZgAAAAEAACAAAACR2VXVMAPZfDq1O9Xpw+43L/NNoxXuWd0j84YaGWSepAAAAAAOgAAAAAIAACAAAACqkAbRP0XblDGiHkppp5GmWPYd/5J1wVTb2auctz/TW2AAAAA7Kg1KcYjjlLy1KmP/6QWD2WERoVurxrgHqAE6OEGGwL2uAfPszJCz6RCoa09t0v/QhA5uPGfVeZ7oIIKPSN6/GY+8dD6z/p23Z0gBqEQUz74ie3TuIMazmZT3e41WJM9AAAAAgdmiqPyR3zp0PF6onbv8htFD/u7EdytA7MnsKUOzIuaIfwPLrCt98kyfGCYmEubmkcnyxYUydF6Fmt3bS5z0ug==
ProgramFiles=C:\Program Files (x86)
ProgramData=C:\ProgramData
MSYS=disable_pcon
JVM_HOME=C:\Program Files\Java\jdk1.8.0_202
ChocolateyInstall=C:\ProgramData\chocolatey
PLINK_PROTOCOL=ssh
VSCODE_GIT_ASKPASS_NODE=C:\Users\PRIYANKA\AppData\Local\Programs\Microsoft VS Code\Code.exe
SystemRoot=C:\WINDOWS
NVM_SYMLINK=C:\Program Files\nodejs
NVM_HOME=C:\Users\PRIYANKA\AppData\Roaming\nvm
ORIGINAL_XDG_CURRENT_DESKTOP=undefined
HOME=C:\Users\PRIYANKA
CommonProgramW6432=C:\Program Files\Common Files
ZES_ENABLE_SYSMAN=1
LOGONSERVER=\\DESKTOP-HOO3I4Q
GIT_EXEC_PATH=C:/Program Files/Git/mingw64/libexec/git-core
COLORTERM=truecolor
USERDOMAIN_ROAMINGPROFILE=DESKTOP-HOO3I4Q
APPDATA=C:\Users\PRIYANKA\AppData\Roaming
HOMEDRIVE=C:
PSModulePath=C:\Users\PRIYANKA\OneDrive\Documents\WindowsPowerShell\Modules;C:\Program Files\WindowsPowerShell\Modules;C:\WINDOWS\system32\WindowsPowerShell\v1.0\Modules
CHROME_CRASHPAD_PIPE_NAME=\\.\pipe\crashpad_27964_PCDQSNURNXUXJFIR
PROCESSOR_ARCHITEW6432=AMD64
FPS_BROWSER_APP_PROFILE_STRING=Internet Explorer
PROCESSOR_ARCHITECTURE=x86
USERPROFILE=C:\Users\PRIYANKA
OS=Windows_NT
ComSpec=C:\WINDOWS\system32\cmd.exe
SystemDrive=C:
windir=C:\WINDOWS
LANG=en_US.UTF-8
ALLUSERSPROFILE=C:\ProgramData


------------
Diagnostic: File system
Skipped: False
Success: True
Exception: None
Log:
Temporary directory is 'C:\Users\PRIYANKA\AppData\Local\Temp\'...
Checking basic file I/O...
Writing to temporary file 'C:\Users\PRIYANKA\AppData\Local\Temp\c7d34f4da4cd802af9302df5'... OK
Reading from temporary file 'C:\Users\PRIYANKA\AppData\Local\Temp\c7d34f4da4cd802af9302df5'... OK
Deleting temporary file 'C:\Users\PRIYANKA\AppData\Local\Temp\c7d34f4da4cd802af9302df5'... OK
Testing IFileSystem instance...
UserHomePath: C:\Users\PRIYANKA
UserDataDirectoryPath: C:\Users\PRIYANKA\.gcm
GetCurrentDirectory(): C:\Users\PRIYANKA\John Cherrelus\collier_truss

------------
Diagnostic: Networking
Skipped: False
Success: False
Exception:
System.Net.Http.HttpRequestException: An error occurred while sending the request. ---> System.Net.WebException: The remote name could not be resolved: 'example.com'
   at System.Net.HttpWebRequest.EndGetResponse(IAsyncResult asyncResult)
   at System.Net.Http.HttpClientHandler.GetResponseCallback(IAsyncResult ar)
   --- End of inner exception stack trace ---
   at System.Runtime.CompilerServices.TaskAwaiter.ThrowForNonSuccess(Task task)
   at System.Runtime.CompilerServices.TaskAwaiter.HandleNonSuccessAndDebuggerNotification(Task task)
   at System.Runtime.CompilerServices.TaskAwaiter`1.GetResult()
   at GitCredentialManager.Diagnostics.NetworkingDiagnostic.<RunInternalAsync>d__4.MoveNext()
--- End of stack trace from previous location where exception was thrown ---
   at System.Runtime.CompilerServices.TaskAwaiter.ThrowForNonSuccess(Task task)
   at System.Runtime.CompilerServices.TaskAwaiter.HandleNonSuccessAndDebuggerNotification(Task task)
   at System.Runtime.CompilerServices.TaskAwaiter`1.GetResult()
   at GitCredentialManager.Diagnostics.Diagnostic.<RunAsync>d__6.MoveNext()
Log:
Checking networking and HTTP stack...
Creating HTTP client... OK
IsNetworkAvailable: True
Sending HEAD request to http://example.com...Sending HEAD request to https://example.com... warning: HEAD request failed
Sending HEAD request to http://httpforever.com...
------------
Diagnostic: Git
Skipped: False
Success: True
Exception: None
Log:
Getting Git version... OK
Git version is '2.45.2.windows.1'
Locating current repository...Git repository at 'C:/Users/PRIYANKA/John Cherrelus/collier_truss/.git'
 OK
Listing all Git configuration... OK
Git configuration:
file:C:/Program Files/Git/etc/gitconfig	diff.astextplain.textconv=astextplain
file:C:/Program Files/Git/etc/gitconfig	filter.lfs.clean=git-lfs clean -- %f
file:C:/Program Files/Git/etc/gitconfig	filter.lfs.smudge=git-lfs smudge -- %f
file:C:/Program Files/Git/etc/gitconfig	filter.lfs.process=git-lfs filter-process
file:C:/Program Files/Git/etc/gitconfig	filter.lfs.required=true
file:C:/Program Files/Git/etc/gitconfig	http.sslbackend=openssl
file:C:/Program Files/Git/etc/gitconfig	http.sslcainfo=C:/Program Files/Git/mingw64/etc/ssl/certs/ca-bundle.crt
file:C:/Program Files/Git/etc/gitconfig	core.autocrlf=true
file:C:/Program Files/Git/etc/gitconfig	core.fscache=true
file:C:/Program Files/Git/etc/gitconfig	core.symlinks=false
file:C:/Program Files/Git/etc/gitconfig	pull.rebase=false
file:C:/Program Files/Git/etc/gitconfig	credential.helper=manager
file:C:/Program Files/Git/etc/gitconfig	credential.https://dev.azure.com.usehttppath=true
file:C:/Program Files/Git/etc/gitconfig	init.defaultbranch=master
file:C:/Users/PRIYANKA/.gitconfig	credential.helper=manager
file:C:/Users/PRIYANKA/.gitconfig	user.email=savanipriyanka7396@gmail.com
file:C:/Users/PRIYANKA/.gitconfig	user.name=PriyankaSavani
file:.git/config	core.repositoryformatversion=0
file:.git/config	core.filemode=false
file:.git/config	core.bare=false
file:.git/config	core.logallrefupdates=true
file:.git/config	core.symlinks=false
file:.git/config	core.ignorecase=true
file:.git/config	remote.origin.url=https://github.com/PriyankaSavani/Collier_Truss.git
file:.git/config	remote.origin.fetch=+refs/heads/*:refs/remotes/origin/*


------------
Diagnostic: Credential storage
Skipped: False
Success: True
Exception: None
Log:
ICredentialStore instance is of type: CredentialStore
Writing test credential... OK
Reading test credential... OK
Deleting test credential... OK

------------
Diagnostic: Microsoft authentication (AAD/MSA)
Skipped: False
Success: True
Exception: None
Log:
Broker is not enabled.
Flow type is: Auto
Gathering MSAL token cache data... OK
CacheDirectory: C:\Users\PRIYANKA\AppData\Local\.IdentityService
CacheFileName: msal.cache
CacheFilePath: C:\Users\PRIYANKA\AppData\Local\.IdentityService\msal.cache
Creating cache helper... OK
Verifying MSAL token cache persistence... OK

